<?xml version="1.0" encoding="UTF-8"?>
<!-- Generated by org.testng.reporters.JUnitReportReporter -->
<testsuite hostname="DESKTOP-GR62DJC" failures="0" tests="3" name="TestNGStart.testngbasic" time="0.014" errors="0" timestamp="2025-08-03T11:51:31 IST" skipped="0">
  <testcase classname="TestNGStart.testngbasic" name="openapp" time="0.012"/>
  <testcase classname="TestNGStart.testngbasic" name="login" time="0.001"/>
  <testcase classname="TestNGStart.testngbasic" name="logout" time="0.001"/>
</testsuite> <!-- TestNGStart.testngbasic -->
